
> ngx-admin@11.0.0 start
> ng serve --host 0.0.0.0 --disable-host-check --host 0.0.0.0 --port 4200

Option 'host' has been specified multiple times. The value '0.0.0.0' will be used.
Warning: Running a server with --disable-host-check is a security risk. See https://medium.com/webpack/webpack-dev-server-middleware-security-issues-1489d950874a for more information.
One or more browsers which are configured in the project's Browserslist configuration will be ignored as ES5 output is not supported by the Angular CLI.
Ignored browsers: ie 11, kaios 2.5, op_mini all
- Generating browser application bundles (phase: setup)...
✔ Browser application bundle generation complete.

Initial Chunk Files                            | Names                      |  Raw Size
vendor.js                                      | vendor                     |   5.18 MB |
main.js                                        | main                       |   2.64 MB |
styles.css, styles.js                          | styles                     |   1.80 MB |
scripts.js                                     | scripts                    |   1.38 MB |
polyfills.js                                   | polyfills                  | 401.75 kB |
runtime.js                                     | runtime                    |  12.97 kB |

| Initial Total              |  11.40 MB

Lazy Chunk Files                               | Names                      |  Raw Size
src_app_pages_starrocks_starrocks_module_ts.js | starrocks-starrocks-module |   4.71 MB |
src_app_pages_pages_module_ts.js               | pages-pages-module         | 306.02 kB |

Build at: 2025-10-24T03:15:19.332Z - Hash: f3a5e2a85d7bcda7 - Time: 3480ms

Warning: /home/oppo/Documents/starrocks-admin/frontend/node_modules/@nebular/eva-icons/fesm2020/nebular-eva-icons.mjs depends on 'eva-icons'. CommonJS or AMD dependencies can cause optimization bailouts.
For more info see: https://angular.io/guide/build#configuring-commonjs-dependencies



** Angular Live Development Server is listening on 0.0.0.0:4200, open your browser on http://localhost:4200/ **


✔ Compiled successfully.
✔ Browser application bundle generation complete.

Initial Chunk Files                            | Names                      | Raw Size
runtime.js                                     | runtime                    | 12.97 kB |

Lazy Chunk Files                               | Names                      | Raw Size
src_app_pages_starrocks_starrocks_module_ts.js | starrocks-starrocks-module |  4.71 MB |

6 unchanged chunks

Build at: 2025-10-24T03:18:50.794Z - Hash: 75d6450dcadd1a06 - Time: 2708ms

Error: src/app/@core/services/confirm-dialog.service.ts:4:34 - error TS2305: Module '"../components/confirm-dialog/confirm-dialog.component"' has no exported member 'ConfirmDialogData'.

4 import { ConfirmDialogComponent, ConfirmDialogData } from '../components/confirm-dialog/confirm-dialog.component';
                                   ~~~~~~~~~~~~~~~~~


Error: src/app/@core/services/confirm-dialog.service.ts:14:18 - error TS2322: Type '{ data: ConfirmDialogData; }' is not assignable to type 'string | Partial<ConfirmDialogComponent>'.
  Object literal may only specify known properties, and 'data' does not exist in type 'Partial<ConfirmDialogComponent>'.

14       context: { data },
                    ~~~~

  node_modules/@nebular/theme/components/dialog/dialog-config.d.ts:47:5
    47     context: D;
           ~~~~~~~
    The expected type comes from property 'context' which is declared here on type 'Partial<NbDialogConfig<string | Partial<ConfirmDialogComponent>>>'




✖ Failed to compile.
✔ Browser application bundle generation complete.

Initial Chunk Files                            | Names                      | Raw Size
runtime.js                                     | runtime                    | 12.97 kB |

Lazy Chunk Files                               | Names                      | Raw Size
src_app_pages_starrocks_starrocks_module_ts.js | starrocks-starrocks-module |  4.71 MB |

6 unchanged chunks

Build at: 2025-10-24T03:19:08.036Z - Hash: 6fe885024e503056 - Time: 1802ms

✔ Compiled successfully.
✔ Browser application bundle generation complete.

8 unchanged chunks

Build at: 2025-10-24T03:20:03.260Z - Hash: 6fe885024e503056 - Time: 846ms

✔ Compiled successfully.
✔ Browser application bundle generation complete.

8 unchanged chunks

Build at: 2025-10-24T03:20:23.411Z - Hash: 6fe885024e503056 - Time: 382ms

✔ Compiled successfully.
✔ Browser application bundle generation complete.

8 unchanged chunks

Build at: 2025-10-24T03:21:55.511Z - Hash: 6fe885024e503056 - Time: 495ms

✔ Compiled successfully.
✔ Browser application bundle generation complete.

Initial Chunk Files                            | Names                      | Raw Size
runtime.js                                     | runtime                    | 12.97 kB |

Lazy Chunk Files                               | Names                      | Raw Size
src_app_pages_starrocks_starrocks_module_ts.js | starrocks-starrocks-module |  4.69 MB |

6 unchanged chunks

Build at: 2025-10-24T03:26:19.036Z - Hash: dd839cc5b2e13850 - Time: 784ms

./src/app/pages/starrocks/system-management/system-management.component.scss?ngResource - Error: Module build failed (from ./node_modules/sass-loader/dist/cjs.js):
SassError: unmatched "}".
    ╷
335 │ }
    │ ^
    ╵
  src/app/pages/starrocks/system-management/system-management.component.scss 335:1  root stylesheet



✖ Failed to compile.
✔ Browser application bundle generation complete.

Initial Chunk Files                            | Names                      | Raw Size
runtime.js                                     | runtime                    | 12.97 kB |

Lazy Chunk Files                               | Names                      | Raw Size
src_app_pages_starrocks_starrocks_module_ts.js | starrocks-starrocks-module |  4.69 MB |

6 unchanged chunks

Build at: 2025-10-24T03:26:35.169Z - Hash: 6ebda285a4a371f1 - Time: 780ms

./src/app/pages/starrocks/system-management/system-management.component.scss?ngResource - Error: Module build failed (from ./node_modules/sass-loader/dist/cjs.js):
SassError: unmatched "}".
    ╷
335 │ }
    │ ^
    ╵
  src/app/pages/starrocks/system-management/system-management.component.scss 335:1  root stylesheet



✖ Failed to compile.
✔ Browser application bundle generation complete.

Initial Chunk Files                            | Names                      | Raw Size
runtime.js                                     | runtime                    | 12.97 kB |

Lazy Chunk Files                               | Names                      | Raw Size
src_app_pages_starrocks_starrocks_module_ts.js | starrocks-starrocks-module |  4.69 MB |

6 unchanged chunks

Build at: 2025-10-24T03:26:52.674Z - Hash: 3b2b7f45c1784a88 - Time: 645ms

./src/app/pages/starrocks/system-management/system-management.component.scss?ngResource - Error: Module build failed (from ./node_modules/sass-loader/dist/cjs.js):
SassError: unmatched "}".
    ╷
340 │ }
    │ ^
    ╵
  src/app/pages/starrocks/system-management/system-management.component.scss 340:1  root stylesheet



✖ Failed to compile.
✔ Browser application bundle generation complete.

Initial Chunk Files | Names   | Raw Size
runtime.js          | runtime | 12.97 kB |

7 unchanged chunks

Build at: 2025-10-24T03:27:07.034Z - Hash: b205d447548fe377 - Time: 441ms

./src/app/pages/starrocks/system-management/system-management.component.scss?ngResource - Error: Module build failed (from ./node_modules/sass-loader/dist/cjs.js):
SassError: unmatched "}".
    ╷
344 │ }
    │ ^
    ╵
  src/app/pages/starrocks/system-management/system-management.component.scss 344:1  root stylesheet



✖ Failed to compile.
✔ Browser application bundle generation complete.

Initial Chunk Files                            | Names                      | Raw Size
runtime.js                                     | runtime                    | 12.97 kB |

Lazy Chunk Files                               | Names                      | Raw Size
src_app_pages_starrocks_starrocks_module_ts.js | starrocks-starrocks-module |  4.71 MB |

6 unchanged chunks

Build at: 2025-10-24T03:28:13.163Z - Hash: 827d4f792a40a07c - Time: 828ms

✔ Compiled successfully.
✔ Browser application bundle generation complete.

8 unchanged chunks

Build at: 2025-10-24T03:28:41.919Z - Hash: 827d4f792a40a07c - Time: 410ms

✔ Compiled successfully.
✔ Browser application bundle generation complete.

8 unchanged chunks

Build at: 2025-10-24T03:28:49.228Z - Hash: 827d4f792a40a07c - Time: 347ms

✔ Compiled successfully.
✔ Browser application bundle generation complete.

8 unchanged chunks

Build at: 2025-10-24T03:29:13.398Z - Hash: 827d4f792a40a07c - Time: 498ms

✔ Compiled successfully.
✔ Browser application bundle generation complete.

Initial Chunk Files                            | Names                      | Raw Size
main.js                                        | main                       |  2.64 MB |
runtime.js                                     | runtime                    | 12.97 kB |

Lazy Chunk Files                               | Names                      | Raw Size
src_app_pages_starrocks_starrocks_module_ts.js | starrocks-starrocks-module |  4.71 MB |

5 unchanged chunks

Build at: 2025-10-24T03:45:56.978Z - Hash: 748e0465143a8348 - Time: 3979ms

✔ Compiled successfully.
